\BOOKMARK [0][-]{chapter*.3}{List of Figures}{}% 1
\BOOKMARK [0][-]{chapter*.4}{List of Tables}{}% 2
\BOOKMARK [0][-]{chapter.1}{Introduction}{}% 3
\BOOKMARK [0][-]{chapter.2}{Background}{}% 4
\BOOKMARK [1][-]{section.2.1}{Preliminaries}{chapter.2}% 5
\BOOKMARK [1][-]{section.2.2}{Set Membership Proof and Range Proofs}{chapter.2}% 6
\BOOKMARK [0][-]{chapter.3}{Aggregated Set Membership Proofs}{}% 7
\BOOKMARK [0][-]{chapter.4}{Aggregated Signature Based Set Membership Proofs}{}% 8
\BOOKMARK [1][-]{section.4.1}{Aggregation of signature based set membership proof}{chapter.4}% 9
\BOOKMARK [1][-]{section.4.2}{Construction}{chapter.4}% 10
\BOOKMARK [1][-]{section.4.3}{Completeness, Soundness and Zero-Knowledge}{chapter.4}% 11
\BOOKMARK [0][-]{chapter.5}{Implementation and Evaluation}{}% 12
\BOOKMARK [1][-]{section.5.1}{Implementation}{chapter.5}% 13
\BOOKMARK [1][-]{section.5.2}{Trade-off between Aggregation and Verification}{chapter.5}% 14
\BOOKMARK [1][-]{section.5.3}{Comparison to Bulletproofs}{chapter.5}% 15
\BOOKMARK [0][-]{chapter.6}{Application in VAHSS}{}% 16
\BOOKMARK [1][-]{section.6.1}{Construction of VAHSS Using Homomorphic Hash Functions}{chapter.6}% 17
\BOOKMARK [1][-]{section.6.2}{Additive homomorphic secret sharing with verification of both clients and servers }{chapter.6}% 18
\BOOKMARK [1][-]{section.6.3}{Implementation}{chapter.6}% 19
\BOOKMARK [1][-]{section.6.4}{Prototype analysis}{chapter.6}% 20
\BOOKMARK [0][-]{chapter.7}{Discussion}{}% 21
\BOOKMARK [0][-]{chapter.7}{Bibliography}{}% 22
\BOOKMARK [0][-]{appendix.A}{Non-interactive Bulletproofs}{}% 23
\BOOKMARK [0][-]{appendix.B}{Aggregation }{}% 24
\BOOKMARK [0][-]{appendix.C}{Multiple aggregating parties construction}{}% 25
