\BOOKMARK [0][-]{chapter*.3}{List of Figures}{}% 1
\BOOKMARK [0][-]{chapter*.4}{List of Tables}{}% 2
\BOOKMARK [0][-]{chapter.1}{Introduction}{}% 3
\BOOKMARK [1][-]{section.1.1}{Contribution}{chapter.1}% 4
\BOOKMARK [1][-]{section.1.2}{Organisation}{chapter.1}% 5
\BOOKMARK [0][-]{chapter.2}{Theory}{}% 6
\BOOKMARK [1][-]{section.2.1}{Preliminaries}{chapter.2}% 7
\BOOKMARK [1][-]{section.2.2}{Verifiable additive homomorphic secret sharing}{chapter.2}% 8
\BOOKMARK [1][-]{section.2.3}{Constructions for verifying clients input}{chapter.2}% 9
\BOOKMARK [2][-]{subsection.2.3.1}{Set membership proof and Signature-based range proof}{section.2.3}% 10
\BOOKMARK [2][-]{subsection.2.3.2}{Bulletproofs}{section.2.3}% 11
\BOOKMARK [0][-]{chapter.3}{Methods}{}% 12
\BOOKMARK [1][-]{section.3.1}{Comparison of range proofs}{chapter.3}% 13
\BOOKMARK [2][-]{subsection.3.1.1}{Theoretical analysis: Signature-based set membership and range proof}{section.3.1}% 14
\BOOKMARK [2][-]{subsection.3.1.2}{Theoretical analysis: Bulletproof}{section.3.1}% 15
\BOOKMARK [2][-]{subsection.3.1.3}{Prototype Analysis}{section.3.1}% 16
\BOOKMARK [1][-]{section.3.2}{Additive homomorphic secret sharing with verification of both clients and severs }{chapter.3}% 17
\BOOKMARK [1][-]{section.3.3}{Aggregate range proofs}{chapter.3}% 18
\BOOKMARK [1][-]{section.3.4}{Implementation}{chapter.3}% 19
\BOOKMARK [0][-]{chapter.4}{Results}{}% 20
\BOOKMARK [1][-]{section.4.1}{Combining}{chapter.4}% 21
\BOOKMARK [1][-]{section.4.2}{Runtime}{chapter.4}% 22
\BOOKMARK [1][-]{section.4.3}{Comparisson}{chapter.4}% 23
\BOOKMARK [0][-]{chapter.5}{Conclusion}{}% 24
\BOOKMARK [1][-]{section.5.1}{Discussion}{chapter.5}% 25
\BOOKMARK [1][-]{section.5.2}{Conclusion}{chapter.5}% 26
\BOOKMARK [0][-]{section.5.2}{Bibliography}{}% 27
\BOOKMARK [0][-]{appendix.A}{Proof of range in signature based range proof}{}% 28
\BOOKMARK [0][-]{appendix.B}{LHSS}{}% 29
